19:10:57

school solution#User solution#result#Test name

0		0		passed		\BaraksTests\if\01.sjava		
1		0		failed		\BaraksTests\if\02.sjava		##################################
0		0		passed		\BaraksTests\if\03.sjava		
0		0		passed		\BaraksTests\if\04.sjava		
0		0		passed		\BaraksTests\if\05.sjava		
0		0		passed		\BaraksTests\if\06.sjava		
0		0		passed		\BaraksTests\if\07.sjava		
0		0		passed		\BaraksTests\if\08.sjava		
0		0		passed		\BaraksTests\if\09.sjava		
0		0		passed		\BaraksTests\if\10.sjava		
0		0		passed		\BaraksTests\if\11.sjava		
1		0		failed		\BaraksTests\if\12.sjava		##################################
1		0		failed		\BaraksTests\if\13.sjava		##################################
0		0		passed		\BaraksTests\if\14.sjava		
1		0		failed		\BaraksTests\if\15.sjava		##################################
1		0		failed		\BaraksTests\if\16.sjava		##################################
1		0		failed		\BaraksTests\if\17.sjava		##################################
1		0		failed		\BaraksTests\if\18.sjava		##################################
1		0		failed		\BaraksTests\if\22.sjava		##################################
1		0		failed		\BaraksTests\if\23.sjava		##################################
1		0		failed		\BaraksTests\if\24.sjava		##################################
1		0		failed		\BaraksTests\if\25.sjava		##################################
1		0		failed		\BaraksTests\if\26.sjava		##################################
1		0		failed		\BaraksTests\if\27.sjava		##################################
1		0		failed		\BaraksTests\if\28.sjava		##################################
0		0		passed		\BaraksTests\if\29.sjava		
0		0		passed		\BaraksTests\if\30.sjava		
1		1		passed		\BaraksTests\if\31.sjava		
0		0		passed		\BaraksTests\methods\01.sjava		
1		0		failed		\BaraksTests\methods\02.sjava		##################################
0		0		passed		\BaraksTests\methods\03.sjava		
0		0		passed		\BaraksTests\methods\04.sjava		
0		0		passed		\BaraksTests\methods\06.sjava		
0		0		passed		\BaraksTests\methods\07.sjava		
1		0		failed		\BaraksTests\methods\08.sjava		##################################
1		0		failed		\BaraksTests\methods\09.sjava		##################################
1		0		failed		\BaraksTests\methods\10.sjava		##################################
1		0		failed		\BaraksTests\methods\11.sjava		##################################
1		0		failed		\BaraksTests\methods\12.sjava		##################################
1		0		failed		\BaraksTests\methods\13.sjava		##################################
0		0		passed		\BaraksTests\methods\14.sjava		
1		0		failed		\BaraksTests\methods\16.sjava		##################################
1		0		failed		\BaraksTests\methods\17.sjava		##################################
0		0		passed		\BaraksTests\methods\18.sjava		
1		0		failed		\BaraksTests\methods\19.sjava		##################################
1		0		failed		\BaraksTests\methods\20.sjava		##################################
1		0		failed		\BaraksTests\methods\21.sjava		##################################
1		0		failed		\BaraksTests\methods\22.sjava		##################################
1		0		failed		\BaraksTests\methods\23.sjava		##################################
1		0		failed		\BaraksTests\methods\24.sjava		##################################
0		0		passed		\BaraksTests\methods\25.sjava		
1		0		failed		\BaraksTests\methods\26.sjava		##################################
0		0		passed		\BaraksTests\methods\27.sjava		
1		0		failed		\BaraksTests\methods\28.sjava		##################################
0		0		passed		\BaraksTests\methods\29.sjava		
1		0		failed		\BaraksTests\methods\31.sjava		##################################
0		0		passed		\BaraksTests\methods\32.sjava		
0		0		passed		\BaraksTests\methods\33.sjava		
0		0		passed		\BaraksTests\methods\34.sjava		
1		0		failed		\BaraksTests\methods\35.sjava		##################################
1		0		failed		\BaraksTests\methods\37.sjava		##################################
0		0		passed		\BaraksTests\return\01.sjava		
0		0		passed		\BaraksTests\return\02.sjava		
1		1		passed		\BaraksTests\return\03.sjava		
1		1		passed		\BaraksTests\return\04.sjava		
1		0		failed		\BaraksTests\return\05.sjava		##################################
1		0		failed		\BaraksTests\return\06.sjava		##################################
0		0		passed		\BaraksTests\return\07.sjava		
0		0		passed		\BaraksTests\return\08.sjava		
0		0		passed		\BaraksTests\return\09.sjava		
1		0		failed		\BaraksTests\return\10.sjava		##################################
0		0		passed		\BaraksTests\return\11.sjava		
1		0		failed		\BaraksTests\return\12.sjava		##################################
1		0		failed		\BaraksTests\return\13.sjava		##################################
0		0		passed		\BaraksTests\return\14.sjava		
0		1		failed		\BaraksTests\structure\01.sjava		##################################
1		1		passed		\BaraksTests\structure\02.sjava		
1		1		passed		\BaraksTests\structure\03.sjava		
0		1		failed		\BaraksTests\structure\04.sjava		##################################
0		1		failed		\BaraksTests\structure\05.sjava		##################################
0		1		failed		\BaraksTests\structure\06.sjava		##################################
0		1		failed		\BaraksTests\structure\07.sjava		##################################
0		1		failed		\BaraksTests\structure\08.sjava		##################################
1		0		failed		\BaraksTests\structure\09.sjava		##################################
1		1		passed		\BaraksTests\structure\10.sjava		
1		0		failed		\BaraksTests\structure\11.sjava		##################################
1		1		passed		\BaraksTests\structure\12.sjava		
1		1		passed		\BaraksTests\structure\13.sjava		
1		1		passed		\BaraksTests\structure\14.sjava		
1		1		passed		\BaraksTests\structure\15.sjava		
1		0		failed		\BaraksTests\structure\16.sjava		##################################
1		1		passed		\BaraksTests\structure\17.sjava		
1		0		failed		\BaraksTests\structure\18.sjava		##################################
1		0		failed		\BaraksTests\structure\19.sjava		##################################
1		1		passed		\BaraksTests\structure\20.sjava		
1		1		passed		\BaraksTests\structure\21.sjava		
1		0		failed		\BaraksTests\structure\22.sjava		##################################
1		1		passed		\BaraksTests\structure\23.sjava		
1		0		failed		\BaraksTests\structure\24.sjava		##################################
1		0		failed		\BaraksTests\structure\25.sjava		##################################
0		0		passed		\BaraksTests\variables\01.sjava		
0		1		failed		\BaraksTests\variables\02.sjava		##################################
1		1		passed		\BaraksTests\variables\03.sjava		
1		1		passed		\BaraksTests\variables\04.sjava		
1		1		passed		\BaraksTests\variables\05.sjava		
1		1		passed		\BaraksTests\variables\06.sjava		
1		1		passed		\BaraksTests\variables\07.sjava		
1		1		passed		\BaraksTests\variables\08.sjava		
1		1		passed		\BaraksTests\variables\09.sjava		
1		1		passed		\BaraksTests\variables\10.sjava		
1		1		passed		\BaraksTests\variables\11.sjava		
1		1		passed		\BaraksTests\variables\12.sjava		
1		1		passed		\BaraksTests\variables\13.sjava		
1		1		passed		\BaraksTests\variables\14.sjava		
1		1		passed		\BaraksTests\variables\15.sjava		
0		1		failed		\BaraksTests\variables\16.sjava		##################################
1		1		passed		\BaraksTests\variables\17.sjava		
1		1		passed		\BaraksTests\variables\18.sjava		
0		1		failed		\BaraksTests\variables\19.sjava		##################################
0		1		failed		\BaraksTests\variables\20.sjava		##################################
0		1		failed		\BaraksTests\variables\21.sjava		##################################
0		1		failed		\BaraksTests\variables\22.sjava		##################################
0		1		failed		\BaraksTests\variables\23.sjava		##################################
1		1		passed		\BaraksTests\variables\24.sjava		
1		1		passed		\BaraksTests\variables\25.sjava		
1		1		passed		\BaraksTests\variables\26.sjava		
0		0		passed		\BaraksTests\variables\27.sjava		
1		1		passed		\BaraksTests\variables\28.sjava		
1		1		passed		\BaraksTests\variables\29.sjava		
1		1		passed		\BaraksTests\variables\30.sjava		
1		1		passed		\BaraksTests\variables\31.sjava		
1		1		passed		\BaraksTests\variables\32.sjava		
1		1		passed		\BaraksTests\variables\33.sjava		
1		1		passed		\BaraksTests\variables\34.sjava		
0		1		failed		\BaraksTests\variables\35.sjava		##################################
1		1		passed		\BaraksTests\variables\36.sjava		
1		1		passed		\BaraksTests\variables\37.sjava		
1		1		passed		\BaraksTests\variables\38.sjava		
1		1		passed		\BaraksTests\variables\39.sjava		
1		1		passed		\BaraksTests\variables\40.sjava		
0		1		failed		\BaraksTests\variables\41.sjava		##################################
0		1		failed		\BaraksTests\variables\42.sjava		##################################
0		1		failed		\BaraksTests\variables\43.sjava		##################################
1		1		passed		\BaraksTests\variables\44.sjava		
0		1		failed		\BaraksTests\variables\45.sjava		##################################
1		1		passed		\BaraksTests\variables\46.sjava		
1		1		passed		\BaraksTests\variables\47.sjava		
1		1		passed		\BaraksTests\variables\48.sjava		
0		1		failed		\BaraksTests\variables\49.sjava		##################################
0		1		failed		\BaraksTests\variables\50.sjava		##################################
1		1		passed		\BaraksTests\variables\51.sjava		
1		1		passed		\BaraksTests\variables\52.sjava		
1		1		passed		\BaraksTests\variables\53.sjava		
0		1		failed		\BaraksTests\variables\54.sjava		##################################
0		1		failed		\BaraksTests\variables\55.sjava		##################################
0		1		failed		\BaraksTests\variables\56.sjava		##################################
1		1		passed		\BaraksTests\variables\57.sjava		
1		1		passed		\BaraksTests\variables\58.sjava		
1		1		passed		\BaraksTests\variables\59.sjava		
1		1		passed		\BaraksTests\variables\60.sjava		
1		1		passed		\BaraksTests\variables\61.sjava		
1		1		passed		\BaraksTests\variables\62.sjava		
1		1		passed		\BaraksTests\variables\63.sjava		
1		1		passed		\BaraksTests\variables\64.sjava		
1		1		passed		\BaraksTests\variables\65.sjava		
0		1		failed		\BaraksTests\variables\66.sjava		##################################
1		1		passed		\BaraksTests\variables\67.sjava		
1		1		passed		\BaraksTests\variables\68.sjava		
0		1		failed		\BaraksTests\variables\69.sjava		##################################
0		1		failed		\BaraksTests\variables\70.sjava		##################################
1		1		passed		\BaraksTests\variables\71.sjava		
1		1		passed		\BaraksTests\variables\72.sjava		
1		0		failed		\BaraksTests\variables\73.sjava		##################################
0		0		passed		\BaraksTests\variables\74.sjava		
0		0		passed		\BaraksTests\variables\75.sjava		
0		0		passed		\BaraksTests\variables\76.sjava		
0		0		passed		\BaraksTests\variables\77.sjava		
0		0		passed		\BaraksTests\variables\78.sjava		
1		0		failed		\BaraksTests\variables\79.sjava		##################################
0		1		failed		\BaraksTests\variables\80.sjava		##################################

while testing \BaraksTests\variables\81.sjava, Your program printed something that is not '1' or '0' or '2'.
The prints were:

java.lang.IndexOutOfBoundsException: Index 0 out of bounds for length 0
	at java.base/jdk.internal.util.Preconditions.outOfBounds(Preconditions.java:64)
	at java.base/jdk.internal.util.Preconditions.outOfBoundsCheckIndex(Preconditions.java:70)
	at java.base/jdk.internal.util.Preconditions.checkIndex(Preconditions.java:248)
	at java.base/java.util.Objects.checkIndex(Objects.java:372)
	at java.base/java.util.ArrayList.get(ArrayList.java:459)
	at oop.ex6.parsesjava.VariableParser.checkIfFinal(VariableParser.java:72)
	at oop.ex6.parsesjava.VariableParser.parse(VariableParser.java:43)
	at oop.ex6.main.SjavacReader.readLine(SjavacReader.java:21)
	at oop.ex6.main.Sjavac.main(Sjavac.java:26)
	at Tests.Tester_ex6_oop.runTestWithOnUser(Tester_ex6_oop.java:304)
	at Tests.Tester_ex6_oop.doOneTest(Tester_ex6_oop.java:209)
	at Tests.Tester_ex6_oop.runAllTests(Tester_ex6_oop.java:102)
	at java.base/jdk.internal.reflect.NativeMethodAccessorImpl.invoke0(Native Method)
	at java.base/jdk.internal.reflect.NativeMethodAccessorImpl.invoke(NativeMethodAccessorImpl.java:62)
	at java.base/jdk.internal.reflect.DelegatingMethodAccessorImpl.invoke(DelegatingMethodAccessorImpl.java:43)
	at java.base/java.lang.reflect.Method.invoke(Method.java:566)
	at org.junit.runners.model.FrameworkMethod$1.runReflectiveCall(FrameworkMethod.java:50)
	at org.junit.internal.runners.model.ReflectiveCallable.run(ReflectiveCallable.java:12)
	at org.junit.runners.model.FrameworkMethod.invokeExplosively(FrameworkMethod.java:47)
	at org.junit.internal.runners.statements.InvokeMethod.evaluate(InvokeMethod.java:17)
	at org.junit.runners.ParentRunner.runLeaf(ParentRunner.java:325)
	at org.junit.runners.BlockJUnit4ClassRunner.runChild(BlockJUnit4ClassRunner.java:78)
	at org.junit.runners.BlockJUnit4ClassRunner.runChild(BlockJUnit4ClassRunner.java:57)
	at org.junit.runners.ParentRunner$3.run(ParentRunner.java:290)
	at org.junit.runners.ParentRunner$1.schedule(ParentRunner.java:71)
	at org.junit.runners.ParentRunner.runChildren(ParentRunner.java:288)
	at org.junit.runners.ParentRunner.access$000(ParentRunner.java:58)
	at org.junit.runners.ParentRunner$2.evaluate(ParentRunner.java:268)
	at org.junit.runners.ParentRunner.run(ParentRunner.java:363)
	at org.junit.runner.JUnitCore.run(JUnitCore.java:137)
	at com.intellij.junit4.JUnit4IdeaTestRunner.startRunnerWithArgs(JUnit4IdeaTestRunner.java:69)
	at com.intellij.rt.junit.IdeaTestRunner$Repeater.startRunnerWithArgs(IdeaTestRunner.java:33)
	at com.intellij.rt.junit.JUnitStarter.prepareStreamsAndStart(JUnitStarter.java:220)
	at com.intellij.rt.junit.JUnitStarter.main(JUnitStarter.java:53)


while testing \BaraksTests\variables\82.sjava, Your program printed something that is not '1' or '0' or '2'.
The prints were:

java.lang.IndexOutOfBoundsException: Index 0 out of bounds for length 0
	at java.base/jdk.internal.util.Preconditions.outOfBounds(Preconditions.java:64)
	at java.base/jdk.internal.util.Preconditions.outOfBoundsCheckIndex(Preconditions.java:70)
	at java.base/jdk.internal.util.Preconditions.checkIndex(Preconditions.java:248)
	at java.base/java.util.Objects.checkIndex(Objects.java:372)
	at java.base/java.util.ArrayList.get(ArrayList.java:459)
	at oop.ex6.parsesjava.VariableParser.checkIfFinal(VariableParser.java:72)
	at oop.ex6.parsesjava.VariableParser.parse(VariableParser.java:43)
	at oop.ex6.main.SjavacReader.readLine(SjavacReader.java:21)
	at oop.ex6.main.Sjavac.main(Sjavac.java:26)
	at Tests.Tester_ex6_oop.runTestWithOnUser(Tester_ex6_oop.java:304)
	at Tests.Tester_ex6_oop.doOneTest(Tester_ex6_oop.java:209)
	at Tests.Tester_ex6_oop.runAllTests(Tester_ex6_oop.java:102)
	at java.base/jdk.internal.reflect.NativeMethodAccessorImpl.invoke0(Native Method)
	at java.base/jdk.internal.reflect.NativeMethodAccessorImpl.invoke(NativeMethodAccessorImpl.java:62)
	at java.base/jdk.internal.reflect.DelegatingMethodAccessorImpl.invoke(DelegatingMethodAccessorImpl.java:43)
	at java.base/java.lang.reflect.Method.invoke(Method.java:566)
	at org.junit.runners.model.FrameworkMethod$1.runReflectiveCall(FrameworkMethod.java:50)
	at org.junit.internal.runners.model.ReflectiveCallable.run(ReflectiveCallable.java:12)
	at org.junit.runners.model.FrameworkMethod.invokeExplosively(FrameworkMethod.java:47)
	at org.junit.internal.runners.statements.InvokeMethod.evaluate(InvokeMethod.java:17)
	at org.junit.runners.ParentRunner.runLeaf(ParentRunner.java:325)
	at org.junit.runners.BlockJUnit4ClassRunner.runChild(BlockJUnit4ClassRunner.java:78)
	at org.junit.runners.BlockJUnit4ClassRunner.runChild(BlockJUnit4ClassRunner.java:57)
	at org.junit.runners.ParentRunner$3.run(ParentRunner.java:290)
	at org.junit.runners.ParentRunner$1.schedule(ParentRunner.java:71)
	at org.junit.runners.ParentRunner.runChildren(ParentRunner.java:288)
	at org.junit.runners.ParentRunner.access$000(ParentRunner.java:58)
	at org.junit.runners.ParentRunner$2.evaluate(ParentRunner.java:268)
	at org.junit.runners.ParentRunner.run(ParentRunner.java:363)
	at org.junit.runner.JUnitCore.run(JUnitCore.java:137)
	at com.intellij.junit4.JUnit4IdeaTestRunner.startRunnerWithArgs(JUnit4IdeaTestRunner.java:69)
	at com.intellij.rt.junit.IdeaTestRunner$Repeater.startRunnerWithArgs(IdeaTestRunner.java:33)
	at com.intellij.rt.junit.JUnitStarter.prepareStreamsAndStart(JUnitStarter.java:220)
	at com.intellij.rt.junit.JUnitStarter.main(JUnitStarter.java:53)

0		1		failed		\BaraksTests\variables\83.sjava		##################################

while testing \BaraksTests\variables\84.sjava, Your program printed something that is not '1' or '0' or '2'.
The prints were:

java.lang.IndexOutOfBoundsException: Index 0 out of bounds for length 0
	at java.base/jdk.internal.util.Preconditions.outOfBounds(Preconditions.java:64)
	at java.base/jdk.internal.util.Preconditions.outOfBoundsCheckIndex(Preconditions.java:70)
	at java.base/jdk.internal.util.Preconditions.checkIndex(Preconditions.java:248)
	at java.base/java.util.Objects.checkIndex(Objects.java:372)
	at java.base/java.util.ArrayList.get(ArrayList.java:459)
	at oop.ex6.parsesjava.VariableParser.checkIfFinal(VariableParser.java:72)
	at oop.ex6.parsesjava.VariableParser.parse(VariableParser.java:43)
	at oop.ex6.main.SjavacReader.readLine(SjavacReader.java:21)
	at oop.ex6.main.Sjavac.main(Sjavac.java:26)
	at Tests.Tester_ex6_oop.runTestWithOnUser(Tester_ex6_oop.java:304)
	at Tests.Tester_ex6_oop.doOneTest(Tester_ex6_oop.java:209)
	at Tests.Tester_ex6_oop.runAllTests(Tester_ex6_oop.java:102)
	at java.base/jdk.internal.reflect.NativeMethodAccessorImpl.invoke0(Native Method)
	at java.base/jdk.internal.reflect.NativeMethodAccessorImpl.invoke(NativeMethodAccessorImpl.java:62)
	at java.base/jdk.internal.reflect.DelegatingMethodAccessorImpl.invoke(DelegatingMethodAccessorImpl.java:43)
	at java.base/java.lang.reflect.Method.invoke(Method.java:566)
	at org.junit.runners.model.FrameworkMethod$1.runReflectiveCall(FrameworkMethod.java:50)
	at org.junit.internal.runners.model.ReflectiveCallable.run(ReflectiveCallable.java:12)
	at org.junit.runners.model.FrameworkMethod.invokeExplosively(FrameworkMethod.java:47)
	at org.junit.internal.runners.statements.InvokeMethod.evaluate(InvokeMethod.java:17)
	at org.junit.runners.ParentRunner.runLeaf(ParentRunner.java:325)
	at org.junit.runners.BlockJUnit4ClassRunner.runChild(BlockJUnit4ClassRunner.java:78)
	at org.junit.runners.BlockJUnit4ClassRunner.runChild(BlockJUnit4ClassRunner.java:57)
	at org.junit.runners.ParentRunner$3.run(ParentRunner.java:290)
	at org.junit.runners.ParentRunner$1.schedule(ParentRunner.java:71)
	at org.junit.runners.ParentRunner.runChildren(ParentRunner.java:288)
	at org.junit.runners.ParentRunner.access$000(ParentRunner.java:58)
	at org.junit.runners.ParentRunner$2.evaluate(ParentRunner.java:268)
	at org.junit.runners.ParentRunner.run(ParentRunner.java:363)
	at org.junit.runner.JUnitCore.run(JUnitCore.java:137)
	at com.intellij.junit4.JUnit4IdeaTestRunner.startRunnerWithArgs(JUnit4IdeaTestRunner.java:69)
	at com.intellij.rt.junit.IdeaTestRunner$Repeater.startRunnerWithArgs(IdeaTestRunner.java:33)
	at com.intellij.rt.junit.JUnitStarter.prepareStreamsAndStart(JUnitStarter.java:220)
	at com.intellij.rt.junit.JUnitStarter.main(JUnitStarter.java:53)


while testing \BaraksTests\variables\85.sjava, Your program printed something that is not '1' or '0' or '2'.
The prints were:

java.lang.IndexOutOfBoundsException: Index 0 out of bounds for length 0
	at java.base/jdk.internal.util.Preconditions.outOfBounds(Preconditions.java:64)
	at java.base/jdk.internal.util.Preconditions.outOfBoundsCheckIndex(Preconditions.java:70)
	at java.base/jdk.internal.util.Preconditions.checkIndex(Preconditions.java:248)
	at java.base/java.util.Objects.checkIndex(Objects.java:372)
	at java.base/java.util.ArrayList.get(ArrayList.java:459)
	at oop.ex6.parsesjava.VariableParser.checkIfFinal(VariableParser.java:72)
	at oop.ex6.parsesjava.VariableParser.parse(VariableParser.java:43)
	at oop.ex6.main.SjavacReader.readLine(SjavacReader.java:21)
	at oop.ex6.main.Sjavac.main(Sjavac.java:26)
	at Tests.Tester_ex6_oop.runTestWithOnUser(Tester_ex6_oop.java:304)
	at Tests.Tester_ex6_oop.doOneTest(Tester_ex6_oop.java:209)
	at Tests.Tester_ex6_oop.runAllTests(Tester_ex6_oop.java:102)
	at java.base/jdk.internal.reflect.NativeMethodAccessorImpl.invoke0(Native Method)
	at java.base/jdk.internal.reflect.NativeMethodAccessorImpl.invoke(NativeMethodAccessorImpl.java:62)
	at java.base/jdk.internal.reflect.DelegatingMethodAccessorImpl.invoke(DelegatingMethodAccessorImpl.java:43)
	at java.base/java.lang.reflect.Method.invoke(Method.java:566)
	at org.junit.runners.model.FrameworkMethod$1.runReflectiveCall(FrameworkMethod.java:50)
	at org.junit.internal.runners.model.ReflectiveCallable.run(ReflectiveCallable.java:12)
	at org.junit.runners.model.FrameworkMethod.invokeExplosively(FrameworkMethod.java:47)
	at org.junit.internal.runners.statements.InvokeMethod.evaluate(InvokeMethod.java:17)
	at org.junit.runners.ParentRunner.runLeaf(ParentRunner.java:325)
	at org.junit.runners.BlockJUnit4ClassRunner.runChild(BlockJUnit4ClassRunner.java:78)
	at org.junit.runners.BlockJUnit4ClassRunner.runChild(BlockJUnit4ClassRunner.java:57)
	at org.junit.runners.ParentRunner$3.run(ParentRunner.java:290)
	at org.junit.runners.ParentRunner$1.schedule(ParentRunner.java:71)
	at org.junit.runners.ParentRunner.runChildren(ParentRunner.java:288)
	at org.junit.runners.ParentRunner.access$000(ParentRunner.java:58)
	at org.junit.runners.ParentRunner$2.evaluate(ParentRunner.java:268)
	at org.junit.runners.ParentRunner.run(ParentRunner.java:363)
	at org.junit.runner.JUnitCore.run(JUnitCore.java:137)
	at com.intellij.junit4.JUnit4IdeaTestRunner.startRunnerWithArgs(JUnit4IdeaTestRunner.java:69)
	at com.intellij.rt.junit.IdeaTestRunner$Repeater.startRunnerWithArgs(IdeaTestRunner.java:33)
	at com.intellij.rt.junit.JUnitStarter.prepareStreamsAndStart(JUnitStarter.java:220)
	at com.intellij.rt.junit.JUnitStarter.main(JUnitStarter.java:53)


while testing \BaraksTests\variables\86.sjava, Your program printed something that is not '1' or '0' or '2'.
The prints were:

java.lang.IndexOutOfBoundsException: Index 0 out of bounds for length 0
	at java.base/jdk.internal.util.Preconditions.outOfBounds(Preconditions.java:64)
	at java.base/jdk.internal.util.Preconditions.outOfBoundsCheckIndex(Preconditions.java:70)
	at java.base/jdk.internal.util.Preconditions.checkIndex(Preconditions.java:248)
	at java.base/java.util.Objects.checkIndex(Objects.java:372)
	at java.base/java.util.ArrayList.get(ArrayList.java:459)
	at oop.ex6.parsesjava.VariableParser.checkIfFinal(VariableParser.java:72)
	at oop.ex6.parsesjava.VariableParser.parse(VariableParser.java:43)
	at oop.ex6.main.SjavacReader.readLine(SjavacReader.java:21)
	at oop.ex6.main.Sjavac.main(Sjavac.java:26)
	at Tests.Tester_ex6_oop.runTestWithOnUser(Tester_ex6_oop.java:304)
	at Tests.Tester_ex6_oop.doOneTest(Tester_ex6_oop.java:209)
	at Tests.Tester_ex6_oop.runAllTests(Tester_ex6_oop.java:102)
	at java.base/jdk.internal.reflect.NativeMethodAccessorImpl.invoke0(Native Method)
	at java.base/jdk.internal.reflect.NativeMethodAccessorImpl.invoke(NativeMethodAccessorImpl.java:62)
	at java.base/jdk.internal.reflect.DelegatingMethodAccessorImpl.invoke(DelegatingMethodAccessorImpl.java:43)
	at java.base/java.lang.reflect.Method.invoke(Method.java:566)
	at org.junit.runners.model.FrameworkMethod$1.runReflectiveCall(FrameworkMethod.java:50)
	at org.junit.internal.runners.model.ReflectiveCallable.run(ReflectiveCallable.java:12)
	at org.junit.runners.model.FrameworkMethod.invokeExplosively(FrameworkMethod.java:47)
	at org.junit.internal.runners.statements.InvokeMethod.evaluate(InvokeMethod.java:17)
	at org.junit.runners.ParentRunner.runLeaf(ParentRunner.java:325)
	at org.junit.runners.BlockJUnit4ClassRunner.runChild(BlockJUnit4ClassRunner.java:78)
	at org.junit.runners.BlockJUnit4ClassRunner.runChild(BlockJUnit4ClassRunner.java:57)
	at org.junit.runners.ParentRunner$3.run(ParentRunner.java:290)
	at org.junit.runners.ParentRunner$1.schedule(ParentRunner.java:71)
	at org.junit.runners.ParentRunner.runChildren(ParentRunner.java:288)
	at org.junit.runners.ParentRunner.access$000(ParentRunner.java:58)
	at org.junit.runners.ParentRunner$2.evaluate(ParentRunner.java:268)
	at org.junit.runners.ParentRunner.run(ParentRunner.java:363)
	at org.junit.runner.JUnitCore.run(JUnitCore.java:137)
	at com.intellij.junit4.JUnit4IdeaTestRunner.startRunnerWithArgs(JUnit4IdeaTestRunner.java:69)
	at com.intellij.rt.junit.IdeaTestRunner$Repeater.startRunnerWithArgs(IdeaTestRunner.java:33)
	at com.intellij.rt.junit.JUnitStarter.prepareStreamsAndStart(JUnitStarter.java:220)
	at com.intellij.rt.junit.JUnitStarter.main(JUnitStarter.java:53)


while testing \BaraksTests\variables\87.sjava, Your program printed something that is not '1' or '0' or '2'.
The prints were:

java.lang.IndexOutOfBoundsException: Index 0 out of bounds for length 0
	at java.base/jdk.internal.util.Preconditions.outOfBounds(Preconditions.java:64)
	at java.base/jdk.internal.util.Preconditions.outOfBoundsCheckIndex(Preconditions.java:70)
	at java.base/jdk.internal.util.Preconditions.checkIndex(Preconditions.java:248)
	at java.base/java.util.Objects.checkIndex(Objects.java:372)
	at java.base/java.util.ArrayList.get(ArrayList.java:459)
	at oop.ex6.parsesjava.VariableParser.checkIfFinal(VariableParser.java:72)
	at oop.ex6.parsesjava.VariableParser.parse(VariableParser.java:43)
	at oop.ex6.main.SjavacReader.readLine(SjavacReader.java:21)
	at oop.ex6.main.Sjavac.main(Sjavac.java:26)
	at Tests.Tester_ex6_oop.runTestWithOnUser(Tester_ex6_oop.java:304)
	at Tests.Tester_ex6_oop.doOneTest(Tester_ex6_oop.java:209)
	at Tests.Tester_ex6_oop.runAllTests(Tester_ex6_oop.java:102)
	at java.base/jdk.internal.reflect.NativeMethodAccessorImpl.invoke0(Native Method)
	at java.base/jdk.internal.reflect.NativeMethodAccessorImpl.invoke(NativeMethodAccessorImpl.java:62)
	at java.base/jdk.internal.reflect.DelegatingMethodAccessorImpl.invoke(DelegatingMethodAccessorImpl.java:43)
	at java.base/java.lang.reflect.Method.invoke(Method.java:566)
	at org.junit.runners.model.FrameworkMethod$1.runReflectiveCall(FrameworkMethod.java:50)
	at org.junit.internal.runners.model.ReflectiveCallable.run(ReflectiveCallable.java:12)
	at org.junit.runners.model.FrameworkMethod.invokeExplosively(FrameworkMethod.java:47)
	at org.junit.internal.runners.statements.InvokeMethod.evaluate(InvokeMethod.java:17)
	at org.junit.runners.ParentRunner.runLeaf(ParentRunner.java:325)
	at org.junit.runners.BlockJUnit4ClassRunner.runChild(BlockJUnit4ClassRunner.java:78)
	at org.junit.runners.BlockJUnit4ClassRunner.runChild(BlockJUnit4ClassRunner.java:57)
	at org.junit.runners.ParentRunner$3.run(ParentRunner.java:290)
	at org.junit.runners.ParentRunner$1.schedule(ParentRunner.java:71)
	at org.junit.runners.ParentRunner.runChildren(ParentRunner.java:288)
	at org.junit.runners.ParentRunner.access$000(ParentRunner.java:58)
	at org.junit.runners.ParentRunner$2.evaluate(ParentRunner.java:268)
	at org.junit.runners.ParentRunner.run(ParentRunner.java:363)
	at org.junit.runner.JUnitCore.run(JUnitCore.java:137)
	at com.intellij.junit4.JUnit4IdeaTestRunner.startRunnerWithArgs(JUnit4IdeaTestRunner.java:69)
	at com.intellij.rt.junit.IdeaTestRunner$Repeater.startRunnerWithArgs(IdeaTestRunner.java:33)
	at com.intellij.rt.junit.JUnitStarter.prepareStreamsAndStart(JUnitStarter.java:220)
	at com.intellij.rt.junit.JUnitStarter.main(JUnitStarter.java:53)


while testing \BaraksTests\variables\88.sjava, Your program printed something that is not '1' or '0' or '2'.
The prints were:

java.lang.IndexOutOfBoundsException: Index 0 out of bounds for length 0
	at java.base/jdk.internal.util.Preconditions.outOfBounds(Preconditions.java:64)
	at java.base/jdk.internal.util.Preconditions.outOfBoundsCheckIndex(Preconditions.java:70)
	at java.base/jdk.internal.util.Preconditions.checkIndex(Preconditions.java:248)
	at java.base/java.util.Objects.checkIndex(Objects.java:372)
	at java.base/java.util.ArrayList.get(ArrayList.java:459)
	at oop.ex6.parsesjava.VariableParser.checkIfFinal(VariableParser.java:72)
	at oop.ex6.parsesjava.VariableParser.parse(VariableParser.java:43)
	at oop.ex6.main.SjavacReader.readLine(SjavacReader.java:21)
	at oop.ex6.main.Sjavac.main(Sjavac.java:26)
	at Tests.Tester_ex6_oop.runTestWithOnUser(Tester_ex6_oop.java:304)
	at Tests.Tester_ex6_oop.doOneTest(Tester_ex6_oop.java:209)
	at Tests.Tester_ex6_oop.runAllTests(Tester_ex6_oop.java:102)
	at java.base/jdk.internal.reflect.NativeMethodAccessorImpl.invoke0(Native Method)
	at java.base/jdk.internal.reflect.NativeMethodAccessorImpl.invoke(NativeMethodAccessorImpl.java:62)
	at java.base/jdk.internal.reflect.DelegatingMethodAccessorImpl.invoke(DelegatingMethodAccessorImpl.java:43)
	at java.base/java.lang.reflect.Method.invoke(Method.java:566)
	at org.junit.runners.model.FrameworkMethod$1.runReflectiveCall(FrameworkMethod.java:50)
	at org.junit.internal.runners.model.ReflectiveCallable.run(ReflectiveCallable.java:12)
	at org.junit.runners.model.FrameworkMethod.invokeExplosively(FrameworkMethod.java:47)
	at org.junit.internal.runners.statements.InvokeMethod.evaluate(InvokeMethod.java:17)
	at org.junit.runners.ParentRunner.runLeaf(ParentRunner.java:325)
	at org.junit.runners.BlockJUnit4ClassRunner.runChild(BlockJUnit4ClassRunner.java:78)
	at org.junit.runners.BlockJUnit4ClassRunner.runChild(BlockJUnit4ClassRunner.java:57)
	at org.junit.runners.ParentRunner$3.run(ParentRunner.java:290)
	at org.junit.runners.ParentRunner$1.schedule(ParentRunner.java:71)
	at org.junit.runners.ParentRunner.runChildren(ParentRunner.java:288)
	at org.junit.runners.ParentRunner.access$000(ParentRunner.java:58)
	at org.junit.runners.ParentRunner$2.evaluate(ParentRunner.java:268)
	at org.junit.runners.ParentRunner.run(ParentRunner.java:363)
	at org.junit.runner.JUnitCore.run(JUnitCore.java:137)
	at com.intellij.junit4.JUnit4IdeaTestRunner.startRunnerWithArgs(JUnit4IdeaTestRunner.java:69)
	at com.intellij.rt.junit.IdeaTestRunner$Repeater.startRunnerWithArgs(IdeaTestRunner.java:33)
	at com.intellij.rt.junit.JUnitStarter.prepareStreamsAndStart(JUnitStarter.java:220)
	at com.intellij.rt.junit.JUnitStarter.main(JUnitStarter.java:53)


while testing \BaraksTests\variables\89.sjava, Your program printed something that is not '1' or '0' or '2'.
The prints were:

java.lang.IndexOutOfBoundsException: Index 0 out of bounds for length 0
	at java.base/jdk.internal.util.Preconditions.outOfBounds(Preconditions.java:64)
	at java.base/jdk.internal.util.Preconditions.outOfBoundsCheckIndex(Preconditions.java:70)
	at java.base/jdk.internal.util.Preconditions.checkIndex(Preconditions.java:248)
	at java.base/java.util.Objects.checkIndex(Objects.java:372)
	at java.base/java.util.ArrayList.get(ArrayList.java:459)
	at oop.ex6.parsesjava.VariableParser.checkIfFinal(VariableParser.java:72)
	at oop.ex6.parsesjava.VariableParser.parse(VariableParser.java:43)
	at oop.ex6.main.SjavacReader.readLine(SjavacReader.java:21)
	at oop.ex6.main.Sjavac.main(Sjavac.java:26)
	at Tests.Tester_ex6_oop.runTestWithOnUser(Tester_ex6_oop.java:304)
	at Tests.Tester_ex6_oop.doOneTest(Tester_ex6_oop.java:209)
	at Tests.Tester_ex6_oop.runAllTests(Tester_ex6_oop.java:102)
	at java.base/jdk.internal.reflect.NativeMethodAccessorImpl.invoke0(Native Method)
	at java.base/jdk.internal.reflect.NativeMethodAccessorImpl.invoke(NativeMethodAccessorImpl.java:62)
	at java.base/jdk.internal.reflect.DelegatingMethodAccessorImpl.invoke(DelegatingMethodAccessorImpl.java:43)
	at java.base/java.lang.reflect.Method.invoke(Method.java:566)
	at org.junit.runners.model.FrameworkMethod$1.runReflectiveCall(FrameworkMethod.java:50)
	at org.junit.internal.runners.model.ReflectiveCallable.run(ReflectiveCallable.java:12)
	at org.junit.runners.model.FrameworkMethod.invokeExplosively(FrameworkMethod.java:47)
	at org.junit.internal.runners.statements.InvokeMethod.evaluate(InvokeMethod.java:17)
	at org.junit.runners.ParentRunner.runLeaf(ParentRunner.java:325)
	at org.junit.runners.BlockJUnit4ClassRunner.runChild(BlockJUnit4ClassRunner.java:78)
	at org.junit.runners.BlockJUnit4ClassRunner.runChild(BlockJUnit4ClassRunner.java:57)
	at org.junit.runners.ParentRunner$3.run(ParentRunner.java:290)
	at org.junit.runners.ParentRunner$1.schedule(ParentRunner.java:71)
	at org.junit.runners.ParentRunner.runChildren(ParentRunner.java:288)
	at org.junit.runners.ParentRunner.access$000(ParentRunner.java:58)
	at org.junit.runners.ParentRunner$2.evaluate(ParentRunner.java:268)
	at org.junit.runners.ParentRunner.run(ParentRunner.java:363)
	at org.junit.runner.JUnitCore.run(JUnitCore.java:137)
	at com.intellij.junit4.JUnit4IdeaTestRunner.startRunnerWithArgs(JUnit4IdeaTestRunner.java:69)
	at com.intellij.rt.junit.IdeaTestRunner$Repeater.startRunnerWithArgs(IdeaTestRunner.java:33)
	at com.intellij.rt.junit.JUnitStarter.prepareStreamsAndStart(JUnitStarter.java:220)
	at com.intellij.rt.junit.JUnitStarter.main(JUnitStarter.java:53)

1		1		passed		\BaraksTests\variables\90.sjava		
1		1		passed		\BaraksTests\variables\91.sjava		
1		1		passed		\BaraksTests\variables\92.sjava		
1		1		passed		\BaraksTests\variables\93.sjava		
1		1		passed		\BaraksTests\variables\94.sjava		
1		1		passed		\BaraksTests\variables\95.sjava		
0		0		passed		\BaraksTests\while\01.sjava		
1		0		failed		\BaraksTests\while\02.sjava		##################################
0		0		passed		\BaraksTests\while\03.sjava		
0		0		passed		\BaraksTests\while\04.sjava		
0		0		passed		\BaraksTests\while\05.sjava		
0		0		passed		\BaraksTests\while\06.sjava		
0		0		passed		\BaraksTests\while\07.sjava		
0		0		passed		\BaraksTests\while\08.sjava		
0		0		passed		\BaraksTests\while\09.sjava		
0		0		passed		\BaraksTests\while\10.sjava		
0		0		passed		\BaraksTests\while\11.sjava		
1		0		failed		\BaraksTests\while\12.sjava		##################################
1		0		failed		\BaraksTests\while\13.sjava		##################################
0		1		failed		\BaraksTests\while\14.sjava		##################################
1		0		failed		\BaraksTests\while\15.sjava		##################################
1		0		failed		\BaraksTests\while\16.sjava		##################################
1		0		failed		\BaraksTests\while\17.sjava		##################################
1		0		failed		\BaraksTests\while\18.sjava		##################################
1		0		failed		\BaraksTests\while\22.sjava		##################################
1		0		failed		\BaraksTests\while\23.sjava		##################################
1		0		failed		\BaraksTests\while\24.sjava		##################################
1		0		failed		\BaraksTests\while\25.sjava		##################################
1		0		failed		\BaraksTests\while\26.sjava		##################################
1		0		failed		\BaraksTests\while\27.sjava		##################################
1		0		failed		\BaraksTests\while\28.sjava		##################################
0		1		failed		\SchoolTests\test001.sjava		##################################
0		1		failed		\SchoolTests\test002.sjava		##################################
0		1		failed		\SchoolTests\test003.sjava		##################################
0		1		failed		\SchoolTests\test004.sjava		##################################
1		1		passed		\SchoolTests\test005.sjava		
1		1		passed		\SchoolTests\test006.sjava		
1		1		passed		\SchoolTests\test007.sjava		

while testing \SchoolTests\test008.sjava, Your program printed something that is not '1' or '0' or '2'.
The prints were:

java.lang.IndexOutOfBoundsException: Index 0 out of bounds for length 0
	at java.base/jdk.internal.util.Preconditions.outOfBounds(Preconditions.java:64)
	at java.base/jdk.internal.util.Preconditions.outOfBoundsCheckIndex(Preconditions.java:70)
	at java.base/jdk.internal.util.Preconditions.checkIndex(Preconditions.java:248)
	at java.base/java.util.Objects.checkIndex(Objects.java:372)
	at java.base/java.util.ArrayList.get(ArrayList.java:459)
	at oop.ex6.parsesjava.VariableParser.checkIfFinal(VariableParser.java:72)
	at oop.ex6.parsesjava.VariableParser.parse(VariableParser.java:43)
	at oop.ex6.main.SjavacReader.readLine(SjavacReader.java:21)
	at oop.ex6.main.Sjavac.main(Sjavac.java:26)
	at Tests.Tester_ex6_oop.runTestWithOnUser(Tester_ex6_oop.java:304)
	at Tests.Tester_ex6_oop.doOneTest(Tester_ex6_oop.java:209)
	at Tests.Tester_ex6_oop.runAllTests(Tester_ex6_oop.java:102)
	at java.base/jdk.internal.reflect.NativeMethodAccessorImpl.invoke0(Native Method)
	at java.base/jdk.internal.reflect.NativeMethodAccessorImpl.invoke(NativeMethodAccessorImpl.java:62)
	at java.base/jdk.internal.reflect.DelegatingMethodAccessorImpl.invoke(DelegatingMethodAccessorImpl.java:43)
	at java.base/java.lang.reflect.Method.invoke(Method.java:566)
	at org.junit.runners.model.FrameworkMethod$1.runReflectiveCall(FrameworkMethod.java:50)
	at org.junit.internal.runners.model.ReflectiveCallable.run(ReflectiveCallable.java:12)
	at org.junit.runners.model.FrameworkMethod.invokeExplosively(FrameworkMethod.java:47)
	at org.junit.internal.runners.statements.InvokeMethod.evaluate(InvokeMethod.java:17)
	at org.junit.runners.ParentRunner.runLeaf(ParentRunner.java:325)
	at org.junit.runners.BlockJUnit4ClassRunner.runChild(BlockJUnit4ClassRunner.java:78)
	at org.junit.runners.BlockJUnit4ClassRunner.runChild(BlockJUnit4ClassRunner.java:57)
	at org.junit.runners.ParentRunner$3.run(ParentRunner.java:290)
	at org.junit.runners.ParentRunner$1.schedule(ParentRunner.java:71)
	at org.junit.runners.ParentRunner.runChildren(ParentRunner.java:288)
	at org.junit.runners.ParentRunner.access$000(ParentRunner.java:58)
	at org.junit.runners.ParentRunner$2.evaluate(ParentRunner.java:268)
	at org.junit.runners.ParentRunner.run(ParentRunner.java:363)
	at org.junit.runner.JUnitCore.run(JUnitCore.java:137)
	at com.intellij.junit4.JUnit4IdeaTestRunner.startRunnerWithArgs(JUnit4IdeaTestRunner.java:69)
	at com.intellij.rt.junit.IdeaTestRunner$Repeater.startRunnerWithArgs(IdeaTestRunner.java:33)
	at com.intellij.rt.junit.JUnitStarter.prepareStreamsAndStart(JUnitStarter.java:220)
	at com.intellij.rt.junit.JUnitStarter.main(JUnitStarter.java:53)


while testing \SchoolTests\test009.sjava, Your program printed something that is not '1' or '0' or '2'.
The prints were:

java.lang.IndexOutOfBoundsException: Index 0 out of bounds for length 0
	at java.base/jdk.internal.util.Preconditions.outOfBounds(Preconditions.java:64)
	at java.base/jdk.internal.util.Preconditions.outOfBoundsCheckIndex(Preconditions.java:70)
	at java.base/jdk.internal.util.Preconditions.checkIndex(Preconditions.java:248)
	at java.base/java.util.Objects.checkIndex(Objects.java:372)
	at java.base/java.util.ArrayList.get(ArrayList.java:459)
	at oop.ex6.parsesjava.VariableParser.checkIfFinal(VariableParser.java:72)
	at oop.ex6.parsesjava.VariableParser.parse(VariableParser.java:43)
	at oop.ex6.main.SjavacReader.readLine(SjavacReader.java:21)
	at oop.ex6.main.Sjavac.main(Sjavac.java:26)
	at Tests.Tester_ex6_oop.runTestWithOnUser(Tester_ex6_oop.java:304)
	at Tests.Tester_ex6_oop.doOneTest(Tester_ex6_oop.java:209)
	at Tests.Tester_ex6_oop.runAllTests(Tester_ex6_oop.java:102)
	at java.base/jdk.internal.reflect.NativeMethodAccessorImpl.invoke0(Native Method)
	at java.base/jdk.internal.reflect.NativeMethodAccessorImpl.invoke(NativeMethodAccessorImpl.java:62)
	at java.base/jdk.internal.reflect.DelegatingMethodAccessorImpl.invoke(DelegatingMethodAccessorImpl.java:43)
	at java.base/java.lang.reflect.Method.invoke(Method.java:566)
	at org.junit.runners.model.FrameworkMethod$1.runReflectiveCall(FrameworkMethod.java:50)
	at org.junit.internal.runners.model.ReflectiveCallable.run(ReflectiveCallable.java:12)
	at org.junit.runners.model.FrameworkMethod.invokeExplosively(FrameworkMethod.java:47)
	at org.junit.internal.runners.statements.InvokeMethod.evaluate(InvokeMethod.java:17)
	at org.junit.runners.ParentRunner.runLeaf(ParentRunner.java:325)
	at org.junit.runners.BlockJUnit4ClassRunner.runChild(BlockJUnit4ClassRunner.java:78)
	at org.junit.runners.BlockJUnit4ClassRunner.runChild(BlockJUnit4ClassRunner.java:57)
	at org.junit.runners.ParentRunner$3.run(ParentRunner.java:290)
	at org.junit.runners.ParentRunner$1.schedule(ParentRunner.java:71)
	at org.junit.runners.ParentRunner.runChildren(ParentRunner.java:288)
	at org.junit.runners.ParentRunner.access$000(ParentRunner.java:58)
	at org.junit.runners.ParentRunner$2.evaluate(ParentRunner.java:268)
	at org.junit.runners.ParentRunner.run(ParentRunner.java:363)
	at org.junit.runner.JUnitCore.run(JUnitCore.java:137)
	at com.intellij.junit4.JUnit4IdeaTestRunner.startRunnerWithArgs(JUnit4IdeaTestRunner.java:69)
	at com.intellij.rt.junit.IdeaTestRunner$Repeater.startRunnerWithArgs(IdeaTestRunner.java:33)
	at com.intellij.rt.junit.JUnitStarter.prepareStreamsAndStart(JUnitStarter.java:220)
	at com.intellij.rt.junit.JUnitStarter.main(JUnitStarter.java:53)

0		1		failed		\SchoolTests\test011.sjava		##################################
0		1		failed		\SchoolTests\test012.sjava		##################################
0		1		failed		\SchoolTests\test013.sjava		##################################
0		1		failed		\SchoolTests\test014.sjava		##################################
0		1		failed		\SchoolTests\test015.sjava		##################################
1		1		passed		\SchoolTests\test016.sjava		
1		1		passed		\SchoolTests\test017.sjava		

while testing \SchoolTests\test018.sjava, Your program printed something that is not '1' or '0' or '2'.
The prints were:

java.lang.IndexOutOfBoundsException: Index 0 out of bounds for length 0
	at java.base/jdk.internal.util.Preconditions.outOfBounds(Preconditions.java:64)
	at java.base/jdk.internal.util.Preconditions.outOfBoundsCheckIndex(Preconditions.java:70)
	at java.base/jdk.internal.util.Preconditions.checkIndex(Preconditions.java:248)
	at java.base/java.util.Objects.checkIndex(Objects.java:372)
	at java.base/java.util.ArrayList.get(ArrayList.java:459)
	at oop.ex6.parsesjava.VariableParser.checkIfFinal(VariableParser.java:72)
	at oop.ex6.parsesjava.VariableParser.parse(VariableParser.java:43)
	at oop.ex6.main.SjavacReader.readLine(SjavacReader.java:21)
	at oop.ex6.main.Sjavac.main(Sjavac.java:26)
	at Tests.Tester_ex6_oop.runTestWithOnUser(Tester_ex6_oop.java:304)
	at Tests.Tester_ex6_oop.doOneTest(Tester_ex6_oop.java:209)
	at Tests.Tester_ex6_oop.runAllTests(Tester_ex6_oop.java:102)
	at java.base/jdk.internal.reflect.NativeMethodAccessorImpl.invoke0(Native Method)
	at java.base/jdk.internal.reflect.NativeMethodAccessorImpl.invoke(NativeMethodAccessorImpl.java:62)
	at java.base/jdk.internal.reflect.DelegatingMethodAccessorImpl.invoke(DelegatingMethodAccessorImpl.java:43)
	at java.base/java.lang.reflect.Method.invoke(Method.java:566)
	at org.junit.runners.model.FrameworkMethod$1.runReflectiveCall(FrameworkMethod.java:50)
	at org.junit.internal.runners.model.ReflectiveCallable.run(ReflectiveCallable.java:12)
	at org.junit.runners.model.FrameworkMethod.invokeExplosively(FrameworkMethod.java:47)
	at org.junit.internal.runners.statements.InvokeMethod.evaluate(InvokeMethod.java:17)
	at org.junit.runners.ParentRunner.runLeaf(ParentRunner.java:325)
	at org.junit.runners.BlockJUnit4ClassRunner.runChild(BlockJUnit4ClassRunner.java:78)
	at org.junit.runners.BlockJUnit4ClassRunner.runChild(BlockJUnit4ClassRunner.java:57)
	at org.junit.runners.ParentRunner$3.run(ParentRunner.java:290)
	at org.junit.runners.ParentRunner$1.schedule(ParentRunner.java:71)
	at org.junit.runners.ParentRunner.runChildren(ParentRunner.java:288)
	at org.junit.runners.ParentRunner.access$000(ParentRunner.java:58)
	at org.junit.runners.ParentRunner$2.evaluate(ParentRunner.java:268)
	at org.junit.runners.ParentRunner.run(ParentRunner.java:363)
	at org.junit.runner.JUnitCore.run(JUnitCore.java:137)
	at com.intellij.junit4.JUnit4IdeaTestRunner.startRunnerWithArgs(JUnit4IdeaTestRunner.java:69)
	at com.intellij.rt.junit.IdeaTestRunner$Repeater.startRunnerWithArgs(IdeaTestRunner.java:33)
	at com.intellij.rt.junit.JUnitStarter.prepareStreamsAndStart(JUnitStarter.java:220)
	at com.intellij.rt.junit.JUnitStarter.main(JUnitStarter.java:53)


while testing \SchoolTests\test019.sjava, Your program printed something that is not '1' or '0' or '2'.
The prints were:

java.lang.IndexOutOfBoundsException: Index 0 out of bounds for length 0
	at java.base/jdk.internal.util.Preconditions.outOfBounds(Preconditions.java:64)
	at java.base/jdk.internal.util.Preconditions.outOfBoundsCheckIndex(Preconditions.java:70)
	at java.base/jdk.internal.util.Preconditions.checkIndex(Preconditions.java:248)
	at java.base/java.util.Objects.checkIndex(Objects.java:372)
	at java.base/java.util.ArrayList.get(ArrayList.java:459)
	at oop.ex6.parsesjava.VariableParser.checkIfFinal(VariableParser.java:72)
	at oop.ex6.parsesjava.VariableParser.parse(VariableParser.java:43)
	at oop.ex6.main.SjavacReader.readLine(SjavacReader.java:21)
	at oop.ex6.main.Sjavac.main(Sjavac.java:26)
	at Tests.Tester_ex6_oop.runTestWithOnUser(Tester_ex6_oop.java:304)
	at Tests.Tester_ex6_oop.doOneTest(Tester_ex6_oop.java:209)
	at Tests.Tester_ex6_oop.runAllTests(Tester_ex6_oop.java:102)
	at java.base/jdk.internal.reflect.NativeMethodAccessorImpl.invoke0(Native Method)
	at java.base/jdk.internal.reflect.NativeMethodAccessorImpl.invoke(NativeMethodAccessorImpl.java:62)
	at java.base/jdk.internal.reflect.DelegatingMethodAccessorImpl.invoke(DelegatingMethodAccessorImpl.java:43)
	at java.base/java.lang.reflect.Method.invoke(Method.java:566)
	at org.junit.runners.model.FrameworkMethod$1.runReflectiveCall(FrameworkMethod.java:50)
	at org.junit.internal.runners.model.ReflectiveCallable.run(ReflectiveCallable.java:12)
	at org.junit.runners.model.FrameworkMethod.invokeExplosively(FrameworkMethod.java:47)
	at org.junit.internal.runners.statements.InvokeMethod.evaluate(InvokeMethod.java:17)
	at org.junit.runners.ParentRunner.runLeaf(ParentRunner.java:325)
	at org.junit.runners.BlockJUnit4ClassRunner.runChild(BlockJUnit4ClassRunner.java:78)
	at org.junit.runners.BlockJUnit4ClassRunner.runChild(BlockJUnit4ClassRunner.java:57)
	at org.junit.runners.ParentRunner$3.run(ParentRunner.java:290)
	at org.junit.runners.ParentRunner$1.schedule(ParentRunner.java:71)
	at org.junit.runners.ParentRunner.runChildren(ParentRunner.java:288)
	at org.junit.runners.ParentRunner.access$000(ParentRunner.java:58)
	at org.junit.runners.ParentRunner$2.evaluate(ParentRunner.java:268)
	at org.junit.runners.ParentRunner.run(ParentRunner.java:363)
	at org.junit.runner.JUnitCore.run(JUnitCore.java:137)
	at com.intellij.junit4.JUnit4IdeaTestRunner.startRunnerWithArgs(JUnit4IdeaTestRunner.java:69)
	at com.intellij.rt.junit.IdeaTestRunner$Repeater.startRunnerWithArgs(IdeaTestRunner.java:33)
	at com.intellij.rt.junit.JUnitStarter.prepareStreamsAndStart(JUnitStarter.java:220)
	at com.intellij.rt.junit.JUnitStarter.main(JUnitStarter.java:53)

0		1		failed		\SchoolTests\test021.sjava		##################################
0		1		failed		\SchoolTests\test022.sjava		##################################
1		1		passed		\SchoolTests\test023.sjava		
1		1		passed		\SchoolTests\test024.sjava		
1		1		passed		\SchoolTests\test025.sjava		

while testing \SchoolTests\test026.sjava, Your program printed something that is not '1' or '0' or '2'.
The prints were:

java.lang.IndexOutOfBoundsException: Index 0 out of bounds for length 0
	at java.base/jdk.internal.util.Preconditions.outOfBounds(Preconditions.java:64)
	at java.base/jdk.internal.util.Preconditions.outOfBoundsCheckIndex(Preconditions.java:70)
	at java.base/jdk.internal.util.Preconditions.checkIndex(Preconditions.java:248)
	at java.base/java.util.Objects.checkIndex(Objects.java:372)
	at java.base/java.util.ArrayList.get(ArrayList.java:459)
	at oop.ex6.parsesjava.VariableParser.checkIfFinal(VariableParser.java:72)
	at oop.ex6.parsesjava.VariableParser.parse(VariableParser.java:43)
	at oop.ex6.main.SjavacReader.readLine(SjavacReader.java:21)
	at oop.ex6.main.Sjavac.main(Sjavac.java:26)
	at Tests.Tester_ex6_oop.runTestWithOnUser(Tester_ex6_oop.java:304)
	at Tests.Tester_ex6_oop.doOneTest(Tester_ex6_oop.java:209)
	at Tests.Tester_ex6_oop.runAllTests(Tester_ex6_oop.java:102)
	at java.base/jdk.internal.reflect.NativeMethodAccessorImpl.invoke0(Native Method)
	at java.base/jdk.internal.reflect.NativeMethodAccessorImpl.invoke(NativeMethodAccessorImpl.java:62)
	at java.base/jdk.internal.reflect.DelegatingMethodAccessorImpl.invoke(DelegatingMethodAccessorImpl.java:43)
	at java.base/java.lang.reflect.Method.invoke(Method.java:566)
	at org.junit.runners.model.FrameworkMethod$1.runReflectiveCall(FrameworkMethod.java:50)
	at org.junit.internal.runners.model.ReflectiveCallable.run(ReflectiveCallable.java:12)
	at org.junit.runners.model.FrameworkMethod.invokeExplosively(FrameworkMethod.java:47)
	at org.junit.internal.runners.statements.InvokeMethod.evaluate(InvokeMethod.java:17)
	at org.junit.runners.ParentRunner.runLeaf(ParentRunner.java:325)
	at org.junit.runners.BlockJUnit4ClassRunner.runChild(BlockJUnit4ClassRunner.java:78)
	at org.junit.runners.BlockJUnit4ClassRunner.runChild(BlockJUnit4ClassRunner.java:57)
	at org.junit.runners.ParentRunner$3.run(ParentRunner.java:290)
	at org.junit.runners.ParentRunner$1.schedule(ParentRunner.java:71)
	at org.junit.runners.ParentRunner.runChildren(ParentRunner.java:288)
	at org.junit.runners.ParentRunner.access$000(ParentRunner.java:58)
	at org.junit.runners.ParentRunner$2.evaluate(ParentRunner.java:268)
	at org.junit.runners.ParentRunner.run(ParentRunner.java:363)
	at org.junit.runner.JUnitCore.run(JUnitCore.java:137)
	at com.intellij.junit4.JUnit4IdeaTestRunner.startRunnerWithArgs(JUnit4IdeaTestRunner.java:69)
	at com.intellij.rt.junit.IdeaTestRunner$Repeater.startRunnerWithArgs(IdeaTestRunner.java:33)
	at com.intellij.rt.junit.JUnitStarter.prepareStreamsAndStart(JUnitStarter.java:220)
	at com.intellij.rt.junit.JUnitStarter.main(JUnitStarter.java:53)


while testing \SchoolTests\test027.sjava, Your program printed something that is not '1' or '0' or '2'.
The prints were:

java.lang.IndexOutOfBoundsException: Index 0 out of bounds for length 0
	at java.base/jdk.internal.util.Preconditions.outOfBounds(Preconditions.java:64)
	at java.base/jdk.internal.util.Preconditions.outOfBoundsCheckIndex(Preconditions.java:70)
	at java.base/jdk.internal.util.Preconditions.checkIndex(Preconditions.java:248)
	at java.base/java.util.Objects.checkIndex(Objects.java:372)
	at java.base/java.util.ArrayList.get(ArrayList.java:459)
	at oop.ex6.parsesjava.VariableParser.checkIfFinal(VariableParser.java:72)
	at oop.ex6.parsesjava.VariableParser.parse(VariableParser.java:43)
	at oop.ex6.main.SjavacReader.readLine(SjavacReader.java:21)
	at oop.ex6.main.Sjavac.main(Sjavac.java:26)
	at Tests.Tester_ex6_oop.runTestWithOnUser(Tester_ex6_oop.java:304)
	at Tests.Tester_ex6_oop.doOneTest(Tester_ex6_oop.java:209)
	at Tests.Tester_ex6_oop.runAllTests(Tester_ex6_oop.java:102)
	at java.base/jdk.internal.reflect.NativeMethodAccessorImpl.invoke0(Native Method)
	at java.base/jdk.internal.reflect.NativeMethodAccessorImpl.invoke(NativeMethodAccessorImpl.java:62)
	at java.base/jdk.internal.reflect.DelegatingMethodAccessorImpl.invoke(DelegatingMethodAccessorImpl.java:43)
	at java.base/java.lang.reflect.Method.invoke(Method.java:566)
	at org.junit.runners.model.FrameworkMethod$1.runReflectiveCall(FrameworkMethod.java:50)
	at org.junit.internal.runners.model.ReflectiveCallable.run(ReflectiveCallable.java:12)
	at org.junit.runners.model.FrameworkMethod.invokeExplosively(FrameworkMethod.java:47)
	at org.junit.internal.runners.statements.InvokeMethod.evaluate(InvokeMethod.java:17)
	at org.junit.runners.ParentRunner.runLeaf(ParentRunner.java:325)
	at org.junit.runners.BlockJUnit4ClassRunner.runChild(BlockJUnit4ClassRunner.java:78)
	at org.junit.runners.BlockJUnit4ClassRunner.runChild(BlockJUnit4ClassRunner.java:57)
	at org.junit.runners.ParentRunner$3.run(ParentRunner.java:290)
	at org.junit.runners.ParentRunner$1.schedule(ParentRunner.java:71)
	at org.junit.runners.ParentRunner.runChildren(ParentRunner.java:288)
	at org.junit.runners.ParentRunner.access$000(ParentRunner.java:58)
	at org.junit.runners.ParentRunner$2.evaluate(ParentRunner.java:268)
	at org.junit.runners.ParentRunner.run(ParentRunner.java:363)
	at org.junit.runner.JUnitCore.run(JUnitCore.java:137)
	at com.intellij.junit4.JUnit4IdeaTestRunner.startRunnerWithArgs(JUnit4IdeaTestRunner.java:69)
	at com.intellij.rt.junit.IdeaTestRunner$Repeater.startRunnerWithArgs(IdeaTestRunner.java:33)
	at com.intellij.rt.junit.JUnitStarter.prepareStreamsAndStart(JUnitStarter.java:220)
	at com.intellij.rt.junit.JUnitStarter.main(JUnitStarter.java:53)

0		1		failed		\SchoolTests\test028.sjava		##################################
1		1		passed		\SchoolTests\test029.sjava		
0		1		failed		\SchoolTests\test030.sjava		##################################
0		1		failed		\SchoolTests\test031.sjava		##################################
0		1		failed		\SchoolTests\test032.sjava		##################################
0		1		failed		\SchoolTests\test033.sjava		##################################
0		1		failed		\SchoolTests\test034.sjava		##################################
0		1		failed		\SchoolTests\test035.sjava		##################################
1		1		passed		\SchoolTests\test036.sjava		
1		1		passed		\SchoolTests\test037.sjava		

while testing \SchoolTests\test038.sjava, Your program printed something that is not '1' or '0' or '2'.
The prints were:

java.lang.IndexOutOfBoundsException: Index 0 out of bounds for length 0
	at java.base/jdk.internal.util.Preconditions.outOfBounds(Preconditions.java:64)
	at java.base/jdk.internal.util.Preconditions.outOfBoundsCheckIndex(Preconditions.java:70)
	at java.base/jdk.internal.util.Preconditions.checkIndex(Preconditions.java:248)
	at java.base/java.util.Objects.checkIndex(Objects.java:372)
	at java.base/java.util.ArrayList.get(ArrayList.java:459)
	at oop.ex6.parsesjava.VariableParser.checkIfFinal(VariableParser.java:72)
	at oop.ex6.parsesjava.VariableParser.parse(VariableParser.java:43)
	at oop.ex6.main.SjavacReader.readLine(SjavacReader.java:21)
	at oop.ex6.main.Sjavac.main(Sjavac.java:26)
	at Tests.Tester_ex6_oop.runTestWithOnUser(Tester_ex6_oop.java:304)
	at Tests.Tester_ex6_oop.doOneTest(Tester_ex6_oop.java:209)
	at Tests.Tester_ex6_oop.runAllTests(Tester_ex6_oop.java:102)
	at java.base/jdk.internal.reflect.NativeMethodAccessorImpl.invoke0(Native Method)
	at java.base/jdk.internal.reflect.NativeMethodAccessorImpl.invoke(NativeMethodAccessorImpl.java:62)
	at java.base/jdk.internal.reflect.DelegatingMethodAccessorImpl.invoke(DelegatingMethodAccessorImpl.java:43)
	at java.base/java.lang.reflect.Method.invoke(Method.java:566)
	at org.junit.runners.model.FrameworkMethod$1.runReflectiveCall(FrameworkMethod.java:50)
	at org.junit.internal.runners.model.ReflectiveCallable.run(ReflectiveCallable.java:12)
	at org.junit.runners.model.FrameworkMethod.invokeExplosively(FrameworkMethod.java:47)
	at org.junit.internal.runners.statements.InvokeMethod.evaluate(InvokeMethod.java:17)
	at org.junit.runners.ParentRunner.runLeaf(ParentRunner.java:325)
	at org.junit.runners.BlockJUnit4ClassRunner.runChild(BlockJUnit4ClassRunner.java:78)
	at org.junit.runners.BlockJUnit4ClassRunner.runChild(BlockJUnit4ClassRunner.java:57)
	at org.junit.runners.ParentRunner$3.run(ParentRunner.java:290)
	at org.junit.runners.ParentRunner$1.schedule(ParentRunner.java:71)
	at org.junit.runners.ParentRunner.runChildren(ParentRunner.java:288)
	at org.junit.runners.ParentRunner.access$000(ParentRunner.java:58)
	at org.junit.runners.ParentRunner$2.evaluate(ParentRunner.java:268)
	at org.junit.runners.ParentRunner.run(ParentRunner.java:363)
	at org.junit.runner.JUnitCore.run(JUnitCore.java:137)
	at com.intellij.junit4.JUnit4IdeaTestRunner.startRunnerWithArgs(JUnit4IdeaTestRunner.java:69)
	at com.intellij.rt.junit.IdeaTestRunner$Repeater.startRunnerWithArgs(IdeaTestRunner.java:33)
	at com.intellij.rt.junit.JUnitStarter.prepareStreamsAndStart(JUnitStarter.java:220)
	at com.intellij.rt.junit.JUnitStarter.main(JUnitStarter.java:53)


while testing \SchoolTests\test039.sjava, Your program printed something that is not '1' or '0' or '2'.
The prints were:

java.lang.IndexOutOfBoundsException: Index 0 out of bounds for length 0
	at java.base/jdk.internal.util.Preconditions.outOfBounds(Preconditions.java:64)
	at java.base/jdk.internal.util.Preconditions.outOfBoundsCheckIndex(Preconditions.java:70)
	at java.base/jdk.internal.util.Preconditions.checkIndex(Preconditions.java:248)
	at java.base/java.util.Objects.checkIndex(Objects.java:372)
	at java.base/java.util.ArrayList.get(ArrayList.java:459)
	at oop.ex6.parsesjava.VariableParser.checkIfFinal(VariableParser.java:72)
	at oop.ex6.parsesjava.VariableParser.parse(VariableParser.java:43)
	at oop.ex6.main.SjavacReader.readLine(SjavacReader.java:21)
	at oop.ex6.main.Sjavac.main(Sjavac.java:26)
	at Tests.Tester_ex6_oop.runTestWithOnUser(Tester_ex6_oop.java:304)
	at Tests.Tester_ex6_oop.doOneTest(Tester_ex6_oop.java:209)
	at Tests.Tester_ex6_oop.runAllTests(Tester_ex6_oop.java:102)
	at java.base/jdk.internal.reflect.NativeMethodAccessorImpl.invoke0(Native Method)
	at java.base/jdk.internal.reflect.NativeMethodAccessorImpl.invoke(NativeMethodAccessorImpl.java:62)
	at java.base/jdk.internal.reflect.DelegatingMethodAccessorImpl.invoke(DelegatingMethodAccessorImpl.java:43)
	at java.base/java.lang.reflect.Method.invoke(Method.java:566)
	at org.junit.runners.model.FrameworkMethod$1.runReflectiveCall(FrameworkMethod.java:50)
	at org.junit.internal.runners.model.ReflectiveCallable.run(ReflectiveCallable.java:12)
	at org.junit.runners.model.FrameworkMethod.invokeExplosively(FrameworkMethod.java:47)
	at org.junit.internal.runners.statements.InvokeMethod.evaluate(InvokeMethod.java:17)
	at org.junit.runners.ParentRunner.runLeaf(ParentRunner.java:325)
	at org.junit.runners.BlockJUnit4ClassRunner.runChild(BlockJUnit4ClassRunner.java:78)
	at org.junit.runners.BlockJUnit4ClassRunner.runChild(BlockJUnit4ClassRunner.java:57)
	at org.junit.runners.ParentRunner$3.run(ParentRunner.java:290)
	at org.junit.runners.ParentRunner$1.schedule(ParentRunner.java:71)
	at org.junit.runners.ParentRunner.runChildren(ParentRunner.java:288)
	at org.junit.runners.ParentRunner.access$000(ParentRunner.java:58)
	at org.junit.runners.ParentRunner$2.evaluate(ParentRunner.java:268)
	at org.junit.runners.ParentRunner.run(ParentRunner.java:363)
	at org.junit.runner.JUnitCore.run(JUnitCore.java:137)
	at com.intellij.junit4.JUnit4IdeaTestRunner.startRunnerWithArgs(JUnit4IdeaTestRunner.java:69)
	at com.intellij.rt.junit.IdeaTestRunner$Repeater.startRunnerWithArgs(IdeaTestRunner.java:33)
	at com.intellij.rt.junit.JUnitStarter.prepareStreamsAndStart(JUnitStarter.java:220)
	at com.intellij.rt.junit.JUnitStarter.main(JUnitStarter.java:53)

0		1		failed		\SchoolTests\test041.sjava		##################################
0		1		failed		\SchoolTests\test042.sjava		##################################
0		1		failed		\SchoolTests\test043.sjava		##################################
1		1		passed		\SchoolTests\test044.sjava		
1		1		passed		\SchoolTests\test045.sjava		
1		1		passed		\SchoolTests\test046.sjava		
1		1		passed		\SchoolTests\test047.sjava		
1		1		passed		\SchoolTests\test048.sjava		

while testing \SchoolTests\test049.sjava, Your program printed something that is not '1' or '0' or '2'.
The prints were:

java.lang.IndexOutOfBoundsException: Index 0 out of bounds for length 0
	at java.base/jdk.internal.util.Preconditions.outOfBounds(Preconditions.java:64)
	at java.base/jdk.internal.util.Preconditions.outOfBoundsCheckIndex(Preconditions.java:70)
	at java.base/jdk.internal.util.Preconditions.checkIndex(Preconditions.java:248)
	at java.base/java.util.Objects.checkIndex(Objects.java:372)
	at java.base/java.util.ArrayList.get(ArrayList.java:459)
	at oop.ex6.parsesjava.VariableParser.checkIfFinal(VariableParser.java:72)
	at oop.ex6.parsesjava.VariableParser.parse(VariableParser.java:43)
	at oop.ex6.main.SjavacReader.readLine(SjavacReader.java:21)
	at oop.ex6.main.Sjavac.main(Sjavac.java:26)
	at Tests.Tester_ex6_oop.runTestWithOnUser(Tester_ex6_oop.java:304)
	at Tests.Tester_ex6_oop.doOneTest(Tester_ex6_oop.java:209)
	at Tests.Tester_ex6_oop.runAllTests(Tester_ex6_oop.java:102)
	at java.base/jdk.internal.reflect.NativeMethodAccessorImpl.invoke0(Native Method)
	at java.base/jdk.internal.reflect.NativeMethodAccessorImpl.invoke(NativeMethodAccessorImpl.java:62)
	at java.base/jdk.internal.reflect.DelegatingMethodAccessorImpl.invoke(DelegatingMethodAccessorImpl.java:43)
	at java.base/java.lang.reflect.Method.invoke(Method.java:566)
	at org.junit.runners.model.FrameworkMethod$1.runReflectiveCall(FrameworkMethod.java:50)
	at org.junit.internal.runners.model.ReflectiveCallable.run(ReflectiveCallable.java:12)
	at org.junit.runners.model.FrameworkMethod.invokeExplosively(FrameworkMethod.java:47)
	at org.junit.internal.runners.statements.InvokeMethod.evaluate(InvokeMethod.java:17)
	at org.junit.runners.ParentRunner.runLeaf(ParentRunner.java:325)
	at org.junit.runners.BlockJUnit4ClassRunner.runChild(BlockJUnit4ClassRunner.java:78)
	at org.junit.runners.BlockJUnit4ClassRunner.runChild(BlockJUnit4ClassRunner.java:57)
	at org.junit.runners.ParentRunner$3.run(ParentRunner.java:290)
	at org.junit.runners.ParentRunner$1.schedule(ParentRunner.java:71)
	at org.junit.runners.ParentRunner.runChildren(ParentRunner.java:288)
	at org.junit.runners.ParentRunner.access$000(ParentRunner.java:58)
	at org.junit.runners.ParentRunner$2.evaluate(ParentRunner.java:268)
	at org.junit.runners.ParentRunner.run(ParentRunner.java:363)
	at org.junit.runner.JUnitCore.run(JUnitCore.java:137)
	at com.intellij.junit4.JUnit4IdeaTestRunner.startRunnerWithArgs(JUnit4IdeaTestRunner.java:69)
	at com.intellij.rt.junit.IdeaTestRunner$Repeater.startRunnerWithArgs(IdeaTestRunner.java:33)
	at com.intellij.rt.junit.JUnitStarter.prepareStreamsAndStart(JUnitStarter.java:220)
	at com.intellij.rt.junit.JUnitStarter.main(JUnitStarter.java:53)


while testing \SchoolTests\test050.sjava, Your program printed something that is not '1' or '0' or '2'.
The prints were:

java.lang.IndexOutOfBoundsException: Index 0 out of bounds for length 0
	at java.base/jdk.internal.util.Preconditions.outOfBounds(Preconditions.java:64)
	at java.base/jdk.internal.util.Preconditions.outOfBoundsCheckIndex(Preconditions.java:70)
	at java.base/jdk.internal.util.Preconditions.checkIndex(Preconditions.java:248)
	at java.base/java.util.Objects.checkIndex(Objects.java:372)
	at java.base/java.util.ArrayList.get(ArrayList.java:459)
	at oop.ex6.parsesjava.VariableParser.checkIfFinal(VariableParser.java:72)
	at oop.ex6.parsesjava.VariableParser.parse(VariableParser.java:43)
	at oop.ex6.main.SjavacReader.readLine(SjavacReader.java:21)
	at oop.ex6.main.Sjavac.main(Sjavac.java:26)
	at Tests.Tester_ex6_oop.runTestWithOnUser(Tester_ex6_oop.java:304)
	at Tests.Tester_ex6_oop.doOneTest(Tester_ex6_oop.java:209)
	at Tests.Tester_ex6_oop.runAllTests(Tester_ex6_oop.java:102)
	at java.base/jdk.internal.reflect.NativeMethodAccessorImpl.invoke0(Native Method)
	at java.base/jdk.internal.reflect.NativeMethodAccessorImpl.invoke(NativeMethodAccessorImpl.java:62)
	at java.base/jdk.internal.reflect.DelegatingMethodAccessorImpl.invoke(DelegatingMethodAccessorImpl.java:43)
	at java.base/java.lang.reflect.Method.invoke(Method.java:566)
	at org.junit.runners.model.FrameworkMethod$1.runReflectiveCall(FrameworkMethod.java:50)
	at org.junit.internal.runners.model.ReflectiveCallable.run(ReflectiveCallable.java:12)
	at org.junit.runners.model.FrameworkMethod.invokeExplosively(FrameworkMethod.java:47)
	at org.junit.internal.runners.statements.InvokeMethod.evaluate(InvokeMethod.java:17)
	at org.junit.runners.ParentRunner.runLeaf(ParentRunner.java:325)
	at org.junit.runners.BlockJUnit4ClassRunner.runChild(BlockJUnit4ClassRunner.java:78)
	at org.junit.runners.BlockJUnit4ClassRunner.runChild(BlockJUnit4ClassRunner.java:57)
	at org.junit.runners.ParentRunner$3.run(ParentRunner.java:290)
	at org.junit.runners.ParentRunner$1.schedule(ParentRunner.java:71)
	at org.junit.runners.ParentRunner.runChildren(ParentRunner.java:288)
	at org.junit.runners.ParentRunner.access$000(ParentRunner.java:58)
	at org.junit.runners.ParentRunner$2.evaluate(ParentRunner.java:268)
	at org.junit.runners.ParentRunner.run(ParentRunner.java:363)
	at org.junit.runner.JUnitCore.run(JUnitCore.java:137)
	at com.intellij.junit4.JUnit4IdeaTestRunner.startRunnerWithArgs(JUnit4IdeaTestRunner.java:69)
	at com.intellij.rt.junit.IdeaTestRunner$Repeater.startRunnerWithArgs(IdeaTestRunner.java:33)
	at com.intellij.rt.junit.JUnitStarter.prepareStreamsAndStart(JUnitStarter.java:220)
	at com.intellij.rt.junit.JUnitStarter.main(JUnitStarter.java:53)

0		1		failed		\SchoolTests\test051.sjava		##################################
1		1		passed		\SchoolTests\test052.sjava		
1		1		passed		\SchoolTests\test053.sjava		
1		1		passed		\SchoolTests\test054.sjava		

while testing \SchoolTests\test055.sjava, Your program printed something that is not '1' or '0' or '2'.
The prints were:

java.lang.IndexOutOfBoundsException: Index 0 out of bounds for length 0
	at java.base/jdk.internal.util.Preconditions.outOfBounds(Preconditions.java:64)
	at java.base/jdk.internal.util.Preconditions.outOfBoundsCheckIndex(Preconditions.java:70)
	at java.base/jdk.internal.util.Preconditions.checkIndex(Preconditions.java:248)
	at java.base/java.util.Objects.checkIndex(Objects.java:372)
	at java.base/java.util.ArrayList.get(ArrayList.java:459)
	at oop.ex6.parsesjava.VariableParser.checkIfFinal(VariableParser.java:72)
	at oop.ex6.parsesjava.VariableParser.parse(VariableParser.java:43)
	at oop.ex6.main.SjavacReader.readLine(SjavacReader.java:21)
	at oop.ex6.main.Sjavac.main(Sjavac.java:26)
	at Tests.Tester_ex6_oop.runTestWithOnUser(Tester_ex6_oop.java:304)
	at Tests.Tester_ex6_oop.doOneTest(Tester_ex6_oop.java:209)
	at Tests.Tester_ex6_oop.runAllTests(Tester_ex6_oop.java:102)
	at java.base/jdk.internal.reflect.NativeMethodAccessorImpl.invoke0(Native Method)
	at java.base/jdk.internal.reflect.NativeMethodAccessorImpl.invoke(NativeMethodAccessorImpl.java:62)
	at java.base/jdk.internal.reflect.DelegatingMethodAccessorImpl.invoke(DelegatingMethodAccessorImpl.java:43)
	at java.base/java.lang.reflect.Method.invoke(Method.java:566)
	at org.junit.runners.model.FrameworkMethod$1.runReflectiveCall(FrameworkMethod.java:50)
	at org.junit.internal.runners.model.ReflectiveCallable.run(ReflectiveCallable.java:12)
	at org.junit.runners.model.FrameworkMethod.invokeExplosively(FrameworkMethod.java:47)
	at org.junit.internal.runners.statements.InvokeMethod.evaluate(InvokeMethod.java:17)
	at org.junit.runners.ParentRunner.runLeaf(ParentRunner.java:325)
	at org.junit.runners.BlockJUnit4ClassRunner.runChild(BlockJUnit4ClassRunner.java:78)
	at org.junit.runners.BlockJUnit4ClassRunner.runChild(BlockJUnit4ClassRunner.java:57)
	at org.junit.runners.ParentRunner$3.run(ParentRunner.java:290)
	at org.junit.runners.ParentRunner$1.schedule(ParentRunner.java:71)
	at org.junit.runners.ParentRunner.runChildren(ParentRunner.java:288)
	at org.junit.runners.ParentRunner.access$000(ParentRunner.java:58)
	at org.junit.runners.ParentRunner$2.evaluate(ParentRunner.java:268)
	at org.junit.runners.ParentRunner.run(ParentRunner.java:363)
	at org.junit.runner.JUnitCore.run(JUnitCore.java:137)
	at com.intellij.junit4.JUnit4IdeaTestRunner.startRunnerWithArgs(JUnit4IdeaTestRunner.java:69)
	at com.intellij.rt.junit.IdeaTestRunner$Repeater.startRunnerWithArgs(IdeaTestRunner.java:33)
	at com.intellij.rt.junit.JUnitStarter.prepareStreamsAndStart(JUnitStarter.java:220)
	at com.intellij.rt.junit.JUnitStarter.main(JUnitStarter.java:53)

0		1		failed		\SchoolTests\test056.sjava		##################################
1		1		passed		\SchoolTests\test057.sjava		
0		1		failed		\SchoolTests\test058.sjava		##################################
0		1		failed		\SchoolTests\test059.sjava		##################################
1		1		passed		\SchoolTests\test061.sjava		
1		1		passed		\SchoolTests\test062.sjava		
1		1		passed		\SchoolTests\test063.sjava		
1		1		passed		\SchoolTests\test064.sjava		
1		1		passed		\SchoolTests\test065.sjava		
1		1		passed		\SchoolTests\test066.sjava		
1		0		failed		\SchoolTests\test067.sjava		##################################
1		0		failed		\SchoolTests\test101.sjava		##################################
1		0		failed		\SchoolTests\test102.sjava		##################################
1		0		failed		\SchoolTests\test103.sjava		##################################
1		0		failed		\SchoolTests\test104.sjava		##################################
1		0		failed		\SchoolTests\test105.sjava		##################################
0		0		passed		\SchoolTests\test106.sjava		
0		0		passed		\SchoolTests\test107.sjava		
0		0		passed		\SchoolTests\test108.sjava		
0		0		passed		\SchoolTests\test109.sjava		
0		0		passed		\SchoolTests\test110.sjava		
0		0		passed		\SchoolTests\test111.sjava		
0		0		passed		\SchoolTests\test112.sjava		
0		0		passed		\SchoolTests\test113.sjava		
1		0		failed		\SchoolTests\test114.sjava		##################################
1		0		failed		\SchoolTests\test115.sjava		##################################
1		0		failed		\SchoolTests\test116.sjava		##################################
1		1		passed		\SchoolTests\test117.sjava		
0		0		passed		\SchoolTests\test201.sjava		
0		0		passed		\SchoolTests\test202.sjava		
0		0		passed		\SchoolTests\test203.sjava		
0		0		passed		\SchoolTests\test204.sjava		
1		0		failed		\SchoolTests\test205.sjava		##################################
1		0		failed		\SchoolTests\test206.sjava		##################################
1		0		failed		\SchoolTests\test207.sjava		##################################
1		0		failed		\SchoolTests\test208.sjava		##################################
0		0		passed		\SchoolTests\test209.sjava		
0		0		passed		\SchoolTests\test211.sjava		
0		0		passed		\SchoolTests\test212.sjava		
0		0		passed		\SchoolTests\test213.sjava		
0		0		passed		\SchoolTests\test214.sjava		
0		0		passed		\SchoolTests\test215.sjava		
1		0		failed		\SchoolTests\test216.sjava		##################################
1		0		failed		\SchoolTests\test217.sjava		##################################
1		0		failed		\SchoolTests\test218.sjava		##################################
0		0		passed		\SchoolTests\test219.sjava		
0		0		passed		\SchoolTests\test221.sjava		
0		0		passed		\SchoolTests\test222.sjava		
1		0		failed		\SchoolTests\test223.sjava		##################################
1		0		failed		\SchoolTests\test224.sjava		##################################
1		0		failed		\SchoolTests\test225.sjava		##################################
1		0		failed		\SchoolTests\test226.sjava		##################################
0		0		passed		\SchoolTests\test227.sjava		
0		0		passed		\SchoolTests\test231.sjava		
0		0		passed		\SchoolTests\test232.sjava		
0		0		passed		\SchoolTests\test233.sjava		
0		0		passed		\SchoolTests\test234.sjava		
0		0		passed		\SchoolTests\test235.sjava		
1		0		failed		\SchoolTests\test236.sjava		##################################
1		0		failed		\SchoolTests\test237.sjava		##################################
1		0		failed		\SchoolTests\test238.sjava		##################################
0		0		passed		\SchoolTests\test239.sjava		
0		0		passed		\SchoolTests\test241.sjava		
0		0		passed		\SchoolTests\test242.sjava		
0		0		passed		\SchoolTests\test243.sjava		
1		0		failed		\SchoolTests\test244.sjava		##################################
1		0		failed		\SchoolTests\test245.sjava		##################################
1		0		failed		\SchoolTests\test246.sjava		##################################
1		0		failed		\SchoolTests\test247.sjava		##################################
1		0		failed		\SchoolTests\test248.sjava		##################################
1		0		failed		\SchoolTests\test249.sjava		##################################
1		0		failed		\SchoolTests\test250.sjava		##################################
0		1		failed		\SchoolTests\test251.sjava		##################################
1		1		passed		\SchoolTests\test252.sjava		
0		1		failed		\SchoolTests\test253.sjava		##################################
1		1		passed		\SchoolTests\test254.sjava		
0		1		failed		\SchoolTests\test255.sjava		##################################
1		1		passed		\SchoolTests\test257.sjava		
1		0		failed		\SchoolTests\test261.sjava		##################################
1		1		passed		\SchoolTests\test262.sjava		
1		1		passed		\SchoolTests\test263.sjava		
1		0		failed		\SchoolTests\test264.sjava		##################################
1		0		failed		\SchoolTests\test265.sjava		##################################
0		1		failed		\SchoolTests\test266.sjava		##################################
0		0		passed		\SchoolTests\test267.sjava		
1		0		failed		\SchoolTests\test268.sjava		##################################
1		1		passed		\SchoolTests\test269.sjava		
1		0		failed		\SchoolTests\test270.sjava		##################################
0		1		failed		\SchoolTests\test271.sjava		##################################
1		1		passed		\SchoolTests\test272.sjava		
1		1		passed		\SchoolTests\test273.sjava		
1		1		passed		\SchoolTests\test274.sjava		
0		0		passed		\SchoolTests\test291.sjava		
0		0		passed		\SchoolTests\test301.sjava		
0		0		passed		\SchoolTests\test302.sjava		
0		0		passed		\SchoolTests\test303.sjava		
0		0		passed		\SchoolTests\test305.sjava		
1		0		failed		\SchoolTests\test306.sjava		##################################
1		0		failed		\SchoolTests\test307.sjava		##################################
1		0		failed		\SchoolTests\test308.sjava		##################################
1		0		failed		\SchoolTests\test309.sjava		##################################
1		0		failed		\SchoolTests\test310.sjava		##################################
0		0		passed		\SchoolTests\test311.sjava		
0		0		passed		\SchoolTests\test312.sjava		
0		0		passed		\SchoolTests\test313.sjava		
1		0		failed		\SchoolTests\test314.sjava		##################################
0		0		passed		\SchoolTests\test315.sjava		
1		0		failed		\SchoolTests\test316.sjava		##################################
0		0		passed		\SchoolTests\test321.sjava		
0		0		passed		\SchoolTests\test322.sjava		
0		0		passed		\SchoolTests\test323.sjava		
0		0		passed		\SchoolTests\test324.sjava		
0		0		passed		\SchoolTests\test325.sjava		
0		0		passed		\SchoolTests\test326.sjava		
0		0		passed		\SchoolTests\test327.sjava		
1		0		failed		\SchoolTests\test328.sjava		##################################
1		1		passed		\SchoolTests\test401.sjava		
1		0		failed		\SchoolTests\test402.sjava		##################################
1		0		failed		\SchoolTests\test403.sjava		##################################
0		1		failed		\SchoolTests\test404.sjava		##################################
0		1		failed		\SchoolTests\test405.sjava		##################################
1		0		failed		\SchoolTests\test406.sjava		##################################
1		0		failed		\SchoolTests\test407.sjava		##################################
1		0		failed		\SchoolTests\test408.sjava		##################################
1		0		failed		\SchoolTests\test409.sjava		##################################
0		0		passed		\SchoolTests\test410.sjava		
0		1		failed		\SchoolTests\test411.sjava		##################################
0		1		failed		\SchoolTests\test412.sjava		##################################
1		1		passed		\SchoolTests\test413.sjava		
0		1		failed		\SchoolTests\test414.sjava		##################################
1		1		passed		\SchoolTests\test415.sjava		
1		1		passed		\SchoolTests\test416.sjava		
1		1		passed		\SchoolTests\test417.sjava		
0		0		passed		\SchoolTests\test418.sjava		
1		0		failed		\SchoolTests\test420.sjava		##################################
1		0		failed		\SchoolTests\test421.sjava		##################################
1		0		failed		\SchoolTests\test422.sjava		##################################
1		0		failed		\SchoolTests\test423.sjava		##################################
0		0		passed		\SchoolTests\test425.sjava		
0		0		passed		\SchoolTests\test427.sjava		
0		0		passed		\SchoolTests\test428.sjava		
1		0		failed		\SchoolTests\test429.sjava		##################################
1		0		failed		\SchoolTests\test430.sjava		##################################
1		0		failed		\SchoolTests\test431.sjava		##################################
0		0		passed		\SchoolTests\test432.sjava		
0		0		passed		\SchoolTests\test433.sjava		
1		0		failed		\SchoolTests\test434.sjava		##################################
1		0		failed		\SchoolTests\test435.sjava		##################################
1		0		failed		\SchoolTests\test436.sjava		##################################
0		0		passed		\SchoolTests\test437.sjava		
0		0		passed		\SchoolTests\test438.sjava		
1		0		failed		\SchoolTests\test439.sjava		##################################
1		0		failed		\SchoolTests\test440.sjava		##################################
1		0		failed		\SchoolTests\test441.sjava		##################################
1		1		passed		\SchoolTests\test442.sjava		
0		0		passed		\SchoolTests\test451.sjava		
1		0		failed		\SchoolTests\test452.sjava		##################################
1		0		failed		\SchoolTests\test453.sjava		##################################

while testing \SchoolTests\test454.sjava, Your program printed something that is not '1' or '0' or '2'.
The prints were:

java.lang.IndexOutOfBoundsException: Index 0 out of bounds for length 0
	at java.base/jdk.internal.util.Preconditions.outOfBounds(Preconditions.java:64)
	at java.base/jdk.internal.util.Preconditions.outOfBoundsCheckIndex(Preconditions.java:70)
	at java.base/jdk.internal.util.Preconditions.checkIndex(Preconditions.java:248)
	at java.base/java.util.Objects.checkIndex(Objects.java:372)
	at java.base/java.util.ArrayList.get(ArrayList.java:459)
	at oop.ex6.parsesjava.VariableParser.checkIfFinal(VariableParser.java:72)
	at oop.ex6.parsesjava.VariableParser.parse(VariableParser.java:43)
	at oop.ex6.main.SjavacReader.readLine(SjavacReader.java:21)
	at oop.ex6.main.Sjavac.main(Sjavac.java:26)
	at Tests.Tester_ex6_oop.runTestWithOnUser(Tester_ex6_oop.java:304)
	at Tests.Tester_ex6_oop.doOneTest(Tester_ex6_oop.java:209)
	at Tests.Tester_ex6_oop.runAllTests(Tester_ex6_oop.java:102)
	at java.base/jdk.internal.reflect.NativeMethodAccessorImpl.invoke0(Native Method)
	at java.base/jdk.internal.reflect.NativeMethodAccessorImpl.invoke(NativeMethodAccessorImpl.java:62)
	at java.base/jdk.internal.reflect.DelegatingMethodAccessorImpl.invoke(DelegatingMethodAccessorImpl.java:43)
	at java.base/java.lang.reflect.Method.invoke(Method.java:566)
	at org.junit.runners.model.FrameworkMethod$1.runReflectiveCall(FrameworkMethod.java:50)
	at org.junit.internal.runners.model.ReflectiveCallable.run(ReflectiveCallable.java:12)
	at org.junit.runners.model.FrameworkMethod.invokeExplosively(FrameworkMethod.java:47)
	at org.junit.internal.runners.statements.InvokeMethod.evaluate(InvokeMethod.java:17)
	at org.junit.runners.ParentRunner.runLeaf(ParentRunner.java:325)
	at org.junit.runners.BlockJUnit4ClassRunner.runChild(BlockJUnit4ClassRunner.java:78)
	at org.junit.runners.BlockJUnit4ClassRunner.runChild(BlockJUnit4ClassRunner.java:57)
	at org.junit.runners.ParentRunner$3.run(ParentRunner.java:290)
	at org.junit.runners.ParentRunner$1.schedule(ParentRunner.java:71)
	at org.junit.runners.ParentRunner.runChildren(ParentRunner.java:288)
	at org.junit.runners.ParentRunner.access$000(ParentRunner.java:58)
	at org.junit.runners.ParentRunner$2.evaluate(ParentRunner.java:268)
	at org.junit.runners.ParentRunner.run(ParentRunner.java:363)
	at org.junit.runner.JUnitCore.run(JUnitCore.java:137)
	at com.intellij.junit4.JUnit4IdeaTestRunner.startRunnerWithArgs(JUnit4IdeaTestRunner.java:69)
	at com.intellij.rt.junit.IdeaTestRunner$Repeater.startRunnerWithArgs(IdeaTestRunner.java:33)
	at com.intellij.rt.junit.JUnitStarter.prepareStreamsAndStart(JUnitStarter.java:220)
	at com.intellij.rt.junit.JUnitStarter.main(JUnitStarter.java:53)

1		0		failed		\SchoolTests\test455.sjava		##################################
1		0		failed		\SchoolTests\test456.sjava		##################################
1		1		passed		\SchoolTests\test457.sjava		
1		0		failed		\SchoolTests\test458.sjava		##################################
1		1		passed		\SchoolTests\test459.sjava		
1		1		passed		\SchoolTests\test460.sjava		
0		0		passed		\SchoolTests\test461.sjava		
0		0		passed		\SchoolTests\test462.sjava		
1		1		passed		\SchoolTests\test463.sjava		
1		1		passed		\SchoolTests\test464.sjava		
0		0		passed		\SchoolTests\test465.sjava		
0		0		passed		\SchoolTests\test466.sjava		
1		0		failed		\SchoolTests\test467.sjava		##################################
1		0		failed		\SchoolTests\test468.sjava		##################################
0		0		passed		\SchoolTests\test469.sjava		
1		0		failed		\SchoolTests\test470.sjava		##################################
1		0		failed		\SchoolTests\test471.sjava		##################################
0		1		failed		\SchoolTests\test472.sjava		##################################
0		0		passed		\SchoolTests\test473.sjava		
1		0		failed		\SchoolTests\test474.sjava		##################################
1		0		failed		\SchoolTests\test475.sjava		##################################
1		0		failed		\SchoolTests\test476.sjava		##################################
1		1		passed		\SchoolTests\test477.sjava		
0		1		failed		\SchoolTests\test501.sjava		##################################
1		1		passed		\SchoolTests\test502.sjava		
1		1		passed		\SchoolTests\test503.sjava		

while testing \SchoolTests\test504.sjava, Your program printed something that is not '1' or '0' or '2'.
The prints were:

java.lang.IndexOutOfBoundsException: Index 0 out of bounds for length 0
	at java.base/jdk.internal.util.Preconditions.outOfBounds(Preconditions.java:64)
	at java.base/jdk.internal.util.Preconditions.outOfBoundsCheckIndex(Preconditions.java:70)
	at java.base/jdk.internal.util.Preconditions.checkIndex(Preconditions.java:248)
	at java.base/java.util.Objects.checkIndex(Objects.java:372)
	at java.base/java.util.ArrayList.get(ArrayList.java:459)
	at oop.ex6.parsesjava.VariableParser.checkIfFinal(VariableParser.java:72)
	at oop.ex6.parsesjava.VariableParser.parse(VariableParser.java:43)
	at oop.ex6.main.SjavacReader.readLine(SjavacReader.java:21)
	at oop.ex6.main.Sjavac.main(Sjavac.java:26)
	at Tests.Tester_ex6_oop.runTestWithOnUser(Tester_ex6_oop.java:304)
	at Tests.Tester_ex6_oop.doOneTest(Tester_ex6_oop.java:209)
	at Tests.Tester_ex6_oop.runAllTests(Tester_ex6_oop.java:102)
	at java.base/jdk.internal.reflect.NativeMethodAccessorImpl.invoke0(Native Method)
	at java.base/jdk.internal.reflect.NativeMethodAccessorImpl.invoke(NativeMethodAccessorImpl.java:62)
	at java.base/jdk.internal.reflect.DelegatingMethodAccessorImpl.invoke(DelegatingMethodAccessorImpl.java:43)
	at java.base/java.lang.reflect.Method.invoke(Method.java:566)
	at org.junit.runners.model.FrameworkMethod$1.runReflectiveCall(FrameworkMethod.java:50)
	at org.junit.internal.runners.model.ReflectiveCallable.run(ReflectiveCallable.java:12)
	at org.junit.runners.model.FrameworkMethod.invokeExplosively(FrameworkMethod.java:47)
	at org.junit.internal.runners.statements.InvokeMethod.evaluate(InvokeMethod.java:17)
	at org.junit.runners.ParentRunner.runLeaf(ParentRunner.java:325)
	at org.junit.runners.BlockJUnit4ClassRunner.runChild(BlockJUnit4ClassRunner.java:78)
	at org.junit.runners.BlockJUnit4ClassRunner.runChild(BlockJUnit4ClassRunner.java:57)
	at org.junit.runners.ParentRunner$3.run(ParentRunner.java:290)
	at org.junit.runners.ParentRunner$1.schedule(ParentRunner.java:71)
	at org.junit.runners.ParentRunner.runChildren(ParentRunner.java:288)
	at org.junit.runners.ParentRunner.access$000(ParentRunner.java:58)
	at org.junit.runners.ParentRunner$2.evaluate(ParentRunner.java:268)
	at org.junit.runners.ParentRunner.run(ParentRunner.java:363)
	at org.junit.runner.JUnitCore.run(JUnitCore.java:137)
	at com.intellij.junit4.JUnit4IdeaTestRunner.startRunnerWithArgs(JUnit4IdeaTestRunner.java:69)
	at com.intellij.rt.junit.IdeaTestRunner$Repeater.startRunnerWithArgs(IdeaTestRunner.java:33)
	at com.intellij.rt.junit.JUnitStarter.prepareStreamsAndStart(JUnitStarter.java:220)
	at com.intellij.rt.junit.JUnitStarter.main(JUnitStarter.java:53)

0		1		failed		\SchoolTests\test505.sjava		##################################

passed 234 out of 459 tests.

